[2025-12-18 15:37:10] /inspector/inspector-wiki-roblox/ - shawarma kiosk inspector wiki roblox: inspector rules, 8 cues, and 3 safe exit routes (2025)
  Reason: VALIDATION_WARNING: Missing YAML front matter (should start with '---')
  Keyword: shawarma kiosk inspector wiki roblox
--------------------------------------------------------------------------------
[2026-01-11 17:31:10] /quarantine/complete-walkthrough - Pathologic 3 Quarantine Walkthrough: Day-by-Day Guide to Managing the Outbreak
  Reason: API generation failed
  Keyword: pathologic 3 quarantine walkthrough
--------------------------------------------------------------------------------
[2026-01-11 17:31:10] /development/artificial-intelligence - AI Implementation in Pathologic 3: From Voice Acting to NPC Behavior
  Reason: API generation failed
  Keyword: pathologic 3 ai
--------------------------------------------------------------------------------
[2026-01-11 17:31:10] /lore/apathy-system - Apathy Mechanic in Pathologic 3: Managing Emotional Exhaustion and Burnout
  Reason: API generation failed
  Keyword: pathologic 3 apathy
--------------------------------------------------------------------------------
[2026-01-11 17:31:10] /community/tv-tropes-analysis - Pathologic 3 TV Tropes: Story Patterns, Themes, and Narrative Analysis
  Reason: API generation failed
  Keyword: pathologic 3 tv tropes
--------------------------------------------------------------------------------
[2026-01-11 17:31:10] /demo/reddit-discussions - Pathologic 3 Demo Reddit Reactions: What the Community Thinks
  Reason: API generation failed
  Keyword: pathologic 3 demo reddit
--------------------------------------------------------------------------------
[2026-01-11 17:31:10] /development/early-access-leak - Pathologic 3 Early Access Leak: What We Know About the Unauthorized Build
  Reason: API generation failed
  Keyword: pathologic 3 early access leak
--------------------------------------------------------------------------------
[2026-01-11 17:31:10] /community/backloggd-ratings - Pathologic 3 on Backloggd: Community Ratings and Completion Stats
  Reason: API generation failed
  Keyword: pathologic 3 backloggd
--------------------------------------------------------------------------------
[2026-01-11 17:31:10] /info/official-download - How to Download Pathologic 3: Official Purchase and Installation Guide
  Reason: API generation failed
  Keyword: pathologic 3 download
--------------------------------------------------------------------------------
[2026-01-11 17:31:10] /demo/gameplay-showcase - Pathologic 3 Demo Gameplay: First 30 Minutes and What to Expect
  Reason: API generation failed
  Keyword: pathologic 3 demo gameplay
--------------------------------------------------------------------------------
[2026-01-11 17:31:10] /quarantine/gameplay-german - Pathologic 3 Quarantine Gameplay auf Deutsch: Vollständige deutsche Version
  Reason: API generation failed
  Keyword: pathologic 3 quarantine gameplay German
--------------------------------------------------------------------------------
[2026-01-11 17:31:10] /development/ice-pick-lodge - Pathologic 3 Game Developer: Meet Ice-Pick Lodge and Their Creative Team
  Reason: API generation failed
  Keyword: pathologic 3 game developer
--------------------------------------------------------------------------------
[2026-01-11 17:31:10] /lore/euthanasia-theme - Euthanasia in Pathologic 3: Moral Choices and Ethical Dilemmas
  Reason: API generation failed
  Keyword: pathologic 3 euthanasia
--------------------------------------------------------------------------------
[2026-01-11 17:31:10] /guides/day-one-survival - Pathologic 3 Day One Survival: Complete First Day Walkthrough and Tips
  Reason: API generation failed
  Keyword: pathologic 3 day one
--------------------------------------------------------------------------------
[2026-01-11 17:31:10] /quarantine/turkish-translation - Pathologic 3 Quarantine Türkçe: Turkish Language Support and Translation
  Reason: API generation failed
  Keyword: pathologic 3 quarantine Turkish
--------------------------------------------------------------------------------
[2026-01-11 17:31:10] /quarantine/czech-version - Pathologic 3 Quarantine v češtině: Czech Language Version and Community
  Reason: API generation failed
  Keyword: pathologic 3 quarantine Czech
--------------------------------------------------------------------------------
[2026-01-11 17:31:10] /quarantine/machine-translation - Pathologic 3 Quarantine Machine Translation: Auto-Translation Quality Review
  Reason: API generation failed
  Keyword: pathologic 3 quarantine machine translation
--------------------------------------------------------------------------------
[2026-01-11 17:31:10] /quarantine/hebrew-mod - Pathologic 3 Quarantine Hebrew Mod: Community Translation Installation
  Reason: API generation failed
  Keyword: pathologic 3 quarantine mod Hebrew
--------------------------------------------------------------------------------
[2026-01-11 17:31:10] /quarantine/stuck-at-b-fix - Pathologic 3 Quarantine Stuck at B Bug: How to Fix Progress Blocking Issue
  Reason: API generation failed
  Keyword: pathologic 3 quarantine stuck at b
--------------------------------------------------------------------------------
[2026-01-11 17:31:10] /quarantine/100-percent-walkthrough - Pathologic 3 Quarantine 100% Walkthrough: Complete Achievement Guide
  Reason: API generation failed
  Keyword: pathologic 3 quarantine 100 walkthrough
--------------------------------------------------------------------------------
[2026-01-11 17:31:10] /quarantine/steam-achievements - Pathologic 3 Quarantine Steam 100%: All Achievements and How to Unlock
  Reason: API generation failed
  Keyword: pathologic 3 quarantine steam 100
--------------------------------------------------------------------------------
[2026-01-11 17:31:10] /quarantine/reload-animation - Pathologic 3 Quarantine Reload Animation: Weapon Mechanics Breakdown
  Reason: API generation failed
  Keyword: pathologic 3 quarantine reload animation
--------------------------------------------------------------------------------
[2026-01-11 17:31:10] /development/developer-instagram - Follow Pathologic 3 Game Developer on Instagram: Behind-the-Scenes Content
  Reason: API generation failed
  Keyword: pathologic 3 game developer instagram
--------------------------------------------------------------------------------
[2026-01-11 17:31:10] /quarantine/day-9-1-guide - Pathologic 3 Quarantine 9/1 Puzzle: Solving the Day 9 First Section
  Reason: API generation failed
  Keyword: pathologic 3 quarantine 9/1
--------------------------------------------------------------------------------
[2026-01-11 17:31:10] /community/papich-playthrough - Papich Plays Pathologic 3: Popular Streamer's Reaction and Playthrough
  Reason: API generation failed
  Keyword: pathologic 3 papich
--------------------------------------------------------------------------------
[2026-01-11 17:31:10] /community/felipe-ramos-content - Felipe Ramos Pathologic 3 Content: Brazilian Creator's Complete Coverage
  Reason: API generation failed
  Keyword: pathologic 3 felipe ramos
--------------------------------------------------------------------------------
[2026-01-11 17:31:10] /community/arthas-streams - Arthas Plays Pathologic 3: Russian Streamer's Full Gameplay Series
  Reason: API generation failed
  Keyword: pathologic 3 arthas
--------------------------------------------------------------------------------
[2026-01-11 17:31:10] /community/dmenor11-playthrough - DMenor11 Pathologic 3: Spanish Gaming Creator's Full Walkthrough
  Reason: API generation failed
  Keyword: pathologic 3 dmenor11
--------------------------------------------------------------------------------
[2026-01-11 17:31:10] /community/gordosb-content - GordoSB Pathologic 3 Series: Spanish Let's Play and Commentary
  Reason: API generation failed
  Keyword: pathologic 3 gordosb
--------------------------------------------------------------------------------
[2026-01-11 17:31:10] /development/nikolay-dybowski - Nikolay Dybowski and Pathologic 3: Creative Director's Vision Explained
  Reason: API generation failed
  Keyword: pathologic 3 dybowski
--------------------------------------------------------------------------------
[2026-01-11 17:31:10] /quarantine/future-updates - Will Pathologic 3 Quarantine Get Updates? Future Content Plans Discussed
  Reason: API generation failed
  Keyword: pathologic 3 quarantine will it be
--------------------------------------------------------------------------------
[2026-01-11 17:31:10] /info/game-premise - What Is Pathologic 3 About? Complete Overview of Story and Premise
  Reason: API generation failed
  Keyword: what is pathologic 3 regarding the
--------------------------------------------------------------------------------
[2026-01-11 17:31:10] /community/fan-content-warning - Pathologic 3 Fan Content: Community Guidelines and Mature Content Warning
  Reason: API generation failed
  Keyword: pathologic 3 rule 34
--------------------------------------------------------------------------------
[2026-01-11 17:31:10] /lore/shctp-meaning - What Does SHCTP Mean in Pathologic 3? Decoding Game Abbreviations
  Reason: API generation failed
  Keyword: pathologic 3 shctp
--------------------------------------------------------------------------------
[2026-01-11 17:31:10] /guides/day-9-guide - Pathologic 3 Day 9 Complete Guide: Surviving the Critical Ninth Day
  Reason: API generation failed
  Keyword: pathologic 3 9
--------------------------------------------------------------------------------
[2026-01-11 17:31:10] /guides/uncovering-secrets - Uncovering Pathologic 3: Hidden Secrets, Easter Eggs, and Lore Details
  Reason: API generation failed
  Keyword: uncovering pathologic 3
--------------------------------------------------------------------------------
[2026-01-11 17:31:10] /audio/akira-yamaoka-connection - Akira Yamaoka Connection to Pathologic 3: Music Collaboration Rumors
  Reason: API generation failed
  Keyword: akira yamaoka
--------------------------------------------------------------------------------
[2026-01-11 17:46:33] /lore/apathy-system - Apathy Mechanic in Pathologic 3: Managing Emotional Exhaustion and Burnout
  Reason: VALIDATION_WARNING: Missing YAML front matter (should start with '---')
  Keyword: pathologic 3 apathy
--------------------------------------------------------------------------------
[2026-01-13 18:51:20] /platforms/xbox-availability - Is Heartopia Available on Xbox? Console Release Status and Game Pass Info
  Reason: VALIDATION_WARNING: Missing YAML front matter (should start with '---')
  Keyword: is heartopia on xbox
--------------------------------------------------------------------------------
[2026-01-13 18:51:20] /content/recipe-mushroom-pie - Bake Mushroom Pie in Heartopia: Recipe Ingredients, Cooking Tips and Buffs
  Reason: VALIDATION_WARNING: Missing YAML front matter (should start with '---')
  Keyword: mushroom pie recipe heartopia
--------------------------------------------------------------------------------
[2026-01-24 11:00:11] /Class/apogea-classes/ - apogea classes
  Reason: VALIDATION_WARNING: Missing YAML front matter (should start with '---')
  Keyword: apogea classes
--------------------------------------------------------------------------------
[2026-01-24 11:00:11] /Class/apogea-best-class/ - apogea best class
  Reason: VALIDATION_WARNING: Missing YAML front matter (should start with '---')
  Keyword: apogea best class
--------------------------------------------------------------------------------
[2026-01-24 11:01:32] /Class/apogea-classes/ - apogea classes
  Reason: VALIDATION_WARNING: Missing YAML front matter (should start with '---')
  Keyword: apogea classes
--------------------------------------------------------------------------------
[2026-01-24 11:01:32] /Class/apogea-best-class/ - apogea best class
  Reason: VALIDATION_WARNING: Missing YAML front matter (should start with '---')
  Keyword: apogea best class
--------------------------------------------------------------------------------
[2026-01-24 11:34:07] /Class/apogea-classes/ - apogea classes
  Reason: VALIDATION_WARNING: Missing YAML front matter (should start with '---')
  Keyword: apogea classes
--------------------------------------------------------------------------------
[2026-01-24 11:34:07] /Class/apogea-best-class/ - apogea best class
  Reason: VALIDATION_WARNING: Missing YAML front matter (should start with '---')
  Keyword: apogea best class
--------------------------------------------------------------------------------
[2026-01-25 18:01:40] /Codes/solo-hunters-working-codes/ - solo hunters working codes
  Reason: API generation failed
  Keyword: solo hunters working codes
--------------------------------------------------------------------------------
[2026-01-25 18:01:40] /Build/solo-hunters-best-build/ - solo hunters best build
  Reason: API generation failed
  Keyword: solo hunters best build
--------------------------------------------------------------------------------
[2026-01-25 18:09:36] /Codes/solo-hunters-working-codes/ - solo hunters working codes
  Reason: API generation failed
  Keyword: solo hunters working codes
--------------------------------------------------------------------------------
[2026-01-25 18:09:36] /Build/solo-hunters-best-build/ - solo hunters best build
  Reason: API generation failed
  Keyword: solo hunters best build
--------------------------------------------------------------------------------
[2026-01-25 20:48:19] /Codes/solo-hunters-working-codes/ - solo hunters working codes
  Reason: API generation failed
  Keyword: solo hunters working codes
--------------------------------------------------------------------------------
[2026-01-25 20:48:19] /Build/solo-hunters-best-build/ - solo hunters best build
  Reason: API generation failed
  Keyword: solo hunters best build
--------------------------------------------------------------------------------
[2026-03-04 09:52:42] /Codes/bizarre-lineage-codes/ - bizarre lineage codes
  Reason: API generation failed
  Keyword: bizarre lineage codes
--------------------------------------------------------------------------------
[2026-03-04 09:52:42] /Stands/bizarre-lineage-stands/ - bizarre lineage stands
  Reason: API generation failed
  Keyword: bizarre lineage stands
--------------------------------------------------------------------------------
[2026-03-04 09:53:51] /Codes/bizarre-lineage-codes/ - bizarre lineage codes
  Reason: API generation failed
  Keyword: bizarre lineage codes
--------------------------------------------------------------------------------
[2026-03-04 09:53:51] /Stands/bizarre-lineage-stands/ - bizarre lineage stands
  Reason: API generation failed
  Keyword: bizarre lineage stands
--------------------------------------------------------------------------------
[2026-03-04 09:57:08] /Codes/bizarre-lineage-codes/ - bizarre lineage codes
  Reason: API generation failed
  Keyword: bizarre lineage codes
--------------------------------------------------------------------------------
[2026-03-04 09:57:08] /Stands/bizarre-lineage-stands/ - bizarre lineage stands
  Reason: API generation failed
  Keyword: bizarre lineage stands
--------------------------------------------------------------------------------
[2026-03-04 09:59:44] /Codes/bizarre-lineage-codes/ - bizarre lineage codes
  Reason: API generation failed
  Keyword: bizarre lineage codes
--------------------------------------------------------------------------------
[2026-03-04 09:59:44] /Stands/bizarre-lineage-stands/ - bizarre lineage stands
  Reason: API generation failed
  Keyword: bizarre lineage stands
--------------------------------------------------------------------------------
